<?xml version="1.0" encoding="UTF-8"?>
<!-- Generated by org.testng.reporters.JUnitXMLReporter -->
<testsuite hostname="LAPTOP-HC64QLTM" ignored="0" name="BrevilleTest" tests="10" failures="1" timestamp="07 May 2020 07:33:30 GMT" time="155.681" errors="0">
  <testcase name="selectPartsAccessoriesPageTest" time="6.43" classname="com.ecom.qa.testcases.PartsPageTest"/>
  <testcase name="selectPartsAccessoriesPageTest" time="24.309" classname="com.ecom.qa.testcases.PartsPageTest">
    <failure type="org.openqa.selenium.TimeoutException" message="Expected condition failed: waiting for visibility of all [[[[[ChromeDriver: chrome on WINDOWS (cf6a4ccc72af02b979a094414c5a8d73)] -&amp;gt; xpath: //div[@class=&amp;apos;container&amp;apos;]//div[@class=&amp;apos;o-category-grid&amp;apos;]]] -&amp;gt; tag name: a], [[[[ChromeDriver: chrome on WINDOWS (cf6a4ccc72af02b979a094414c5a8d73)] -&amp;gt; xpath: //div[@class=&amp;apos;container&amp;apos;]//div[@class=&amp;apos;o-category-grid&amp;apos;]]] -&amp;gt; tag name: a], [[[[ChromeDriver: chrome on WINDOWS (cf6a4ccc72af02b979a094414c5a8d73)] -&amp;gt; xpath: //div[@class=&amp;apos;container&amp;apos;]//div[@class=&amp;apos;o-category-grid&amp;apos;]]] -&amp;gt; tag name: a], [[[[ChromeDriver: chrome on WINDOWS (cf6a4ccc72af02b979a094414c5a8d73)] -&amp;gt; xpath: //div[@class=&amp;apos;container&amp;apos;]//div[@class=&amp;apos;o-category-grid&amp;apos;]]] -&amp;gt; tag name: a], [[[[ChromeDriver: chrome on WINDOWS (cf6a4ccc72af02b979a094414c5a8d73)] -&amp;gt; xpath: //div[@class=&amp;apos;container&amp;apos;]//div[@class=&amp;apos;o-category-grid&amp;apos;]]] -&amp;gt; tag name: a], [[[[ChromeDriver: chrome on WINDOWS (cf6a4ccc72af02b979a094414c5a8d73)] -&amp;gt; xpath: //div[@class=&amp;apos;container&amp;apos;]//div[@class=&amp;apos;o-category-grid&amp;apos;]]] -&amp;gt; tag name: a], [[[[ChromeDriver: chrome on WINDOWS (cf6a4ccc72af02b979a094414c5a8d73)] -&amp;gt; xpath: //div[@class=&amp;apos;container&amp;apos;]//div[@class=&amp;apos;o-category-grid&amp;apos;]]] -&amp;gt; tag name: a], [[[[ChromeDriver: chrome on WINDOWS (cf6a4ccc72af02b979a094414c5a8d73)] -&amp;gt; xpath: //div[@class=&amp;apos;container&amp;apos;]//div[@class=&amp;apos;o-category-grid&amp;apos;]]] -&amp;gt; tag name: a], [[[[ChromeDriver: chrome on WINDOWS (cf6a4ccc72af02b979a094414c5a8d73)] -&amp;gt; xpath: //div[@class=&amp;apos;container&amp;apos;]//div[@class=&amp;apos;o-category-grid&amp;apos;]]] -&amp;gt; tag name: a], [[[[ChromeDriver: chrome on WINDOWS (cf6a4ccc72af02b979a094414c5a8d73)] -&amp;gt; xpath: //div[@class=&amp;apos;container&amp;apos;]//div[@class=&amp;apos;o-category-grid&amp;apos;]]] -&amp;gt; tag name: a], [[[[ChromeDriver: chrome on WINDOWS (cf6a4ccc72af02b979a094414c5a8d73)] -&amp;gt; xpath: //div[@class=&amp;apos;container&amp;apos;]//div[@class=&amp;apos;o-category-grid&amp;apos;]]] -&amp;gt; tag name: a], [[[[ChromeDriver: chrome on WINDOWS (cf6a4ccc72af02b979a094414c5a8d73)] -&amp;gt; xpath: //div[@class=&amp;apos;container&amp;apos;]//div[@class=&amp;apos;o-category-grid&amp;apos;]]] -&amp;gt; tag name: a], [[[[ChromeDriver: chrome on WINDOWS (cf6a4ccc72af02b979a094414c5a8d73)] -&amp;gt; xpath: //div[@class=&amp;apos;container&amp;apos;]//div[@class=&amp;apos;o-category-grid&amp;apos;]]] -&amp;gt; tag name: a], [[[[ChromeDriver: chrome on WINDOWS (cf6a4ccc72af02b979a094414c5a8d73)] -&amp;gt; xpath: //div[@class=&amp;apos;container&amp;apos;]//div[@class=&amp;apos;o-category-grid&amp;apos;]]] -&amp;gt; tag name: a], [[[[ChromeDriver: chrome on WINDOWS (cf6a4ccc72af02b979a094414c5a8d73)] -&amp;gt; xpath: //div[@class=&amp;apos;container&amp;apos;]//div[@class=&amp;apos;o-category-grid&amp;apos;]]] -&amp;gt; tag name: a], [[[[ChromeDriver: chrome on WINDOWS (cf6a4ccc72af02b979a094414c5a8d73)] -&amp;gt; xpath: //div[@class=&amp;apos;container&amp;apos;]//div[@class=&amp;apos;o-category-grid&amp;apos;]]] -&amp;gt; tag name: a], [[[[ChromeDriver: chrome on WINDOWS (cf6a4ccc72af02b979a094414c5a8d73)] -&amp;gt; xpath: //div[@class=&amp;apos;container&amp;apos;]//div[@class=&amp;apos;o-category-grid&amp;apos;]]] -&amp;gt; tag name: a], [[[[ChromeDriver: chrome on WINDOWS (cf6a4ccc72af02b979a094414c5a8d73)] -&amp;gt; xpath: //div[@class=&amp;apos;container&amp;apos;]//div[@class=&amp;apos;o-category-grid&amp;apos;]]] -&amp;gt; tag name: a], [[[[ChromeDriver: chrome on WINDOWS (cf6a4ccc72af02b979a094414c5a8d73)] -&amp;gt; xpath: //div[@class=&amp;apos;container&amp;apos;]//div[@class=&amp;apos;o-category-grid&amp;apos;]]] -&amp;gt; tag name: a], [[[[ChromeDriver: chrome on WINDOWS (cf6a4ccc72af02b979a094414c5a8d73)] -&amp;gt; xpath: //div[@class=&amp;apos;container&amp;apos;]//div[@class=&amp;apos;o-category-grid&amp;apos;]]] -&amp;gt; tag name: a], [[[[ChromeDriver: chrome on WINDOWS (cf6a4ccc72af02b979a094414c5a8d73)] -&amp;gt; xpath: //div[@class=&amp;apos;container&amp;apos;]//div[@class=&amp;apos;o-category-grid&amp;apos;]]] -&amp;gt; tag name: a], [[[[ChromeDriver: chrome on WINDOWS (cf6a4ccc72af02b979a094414c5a8d73)] -&amp;gt; xpath: //div[@class=&amp;apos;container&amp;apos;]//div[@class=&amp;apos;o-category-grid&amp;apos;]]] -&amp;gt; tag name: a], [[[[ChromeDriver: chrome on WINDOWS (cf6a4ccc72af02b979a094414c5a8d73)] -&amp;gt; xpath: //div[@class=&amp;apos;container&amp;apos;]//div[@class=&amp;apos;o-category-grid&amp;apos;]]] -&amp;gt; tag name: a], [[[[ChromeDriver: chrome on WINDOWS (cf6a4ccc72af02b979a094414c5a8d73)] -&amp;gt; xpath: //div[@class=&amp;apos;container&amp;apos;]//div[@class=&amp;apos;o-category-grid&amp;apos;]]] -&amp;gt; tag name: a], [[[[ChromeDriver: chrome on WINDOWS (cf6a4ccc72af02b979a094414c5a8d73)] -&amp;gt; xpath: //div[@class=&amp;apos;container&amp;apos;]//div[@class=&amp;apos;o-category-grid&amp;apos;]]] -&amp;gt; tag name: a], [[[[ChromeDriver: chrome on WINDOWS (cf6a4ccc72af02b979a094414c5a8d73)] -&amp;gt; xpath: //div[@class=&amp;apos;container&amp;apos;]//div[@class=&amp;apos;o-category-grid&amp;apos;]]] -&amp;gt; tag name: a], [[[[ChromeDriver: chrome on WINDOWS (cf6a4ccc72af02b979a094414c5a8d73)] -&amp;gt; xpath: //div[@class=&amp;apos;container&amp;apos;]//div[@class=&amp;apos;o-category-grid&amp;apos;]]] -&amp;gt; tag name: a]] (tried for 20 second(s) with 500 milliseconds interval)
Build info: version: &amp;apos;4.0.0-alpha-3&amp;apos;, revision: &amp;apos;8c567de6dc&amp;apos;
System info: host: &amp;apos;LAPTOP-HC64QLTM&amp;apos;, ip: &amp;apos;192.168.43.92&amp;apos;, os.name: &amp;apos;Windows 10&amp;apos;, os.arch: &amp;apos;amd64&amp;apos;, os.version: &amp;apos;10.0&amp;apos;, java.version: &amp;apos;1.8.0_221&amp;apos;
Driver info: org.openqa.selenium.support.events.EventFiringWebDriver
Capabilities {acceptInsecureCerts: false, browserName: chrome, browserVersion: 81.0.4044.138, chrome: {chromedriverVersion: 81.0.4044.138 (8c6c7ba89cc9..., userDataDir: C:\Users\lokes\AppData\Loca...}, goog:chromeOptions: {debuggerAddress: localhost:57750}, javascriptEnabled: true, networkConnectionEnabled: false, pageLoadStrategy: normal, platform: WINDOWS, platformName: WINDOWS, proxy: Proxy(), setWindowRect: true, strictFileInteractability: false, timeouts: {implicit: 0, pageLoad: 300000, script: 30000}, unhandledPromptBehavior: dismiss and notify, webauthn:virtualAuthenticators: true}
Session ID: cf6a4ccc72af02b979a094414c5a8d73">
      <![CDATA[org.openqa.selenium.TimeoutException: Expected condition failed: waiting for visibility of all [[[[[ChromeDriver: chrome on WINDOWS (cf6a4ccc72af02b979a094414c5a8d73)] -> xpath: //div[@class='container']//div[@class='o-category-grid']]] -> tag name: a], [[[[ChromeDriver: chrome on WINDOWS (cf6a4ccc72af02b979a094414c5a8d73)] -> xpath: //div[@class='container']//div[@class='o-category-grid']]] -> tag name: a], [[[[ChromeDriver: chrome on WINDOWS (cf6a4ccc72af02b979a094414c5a8d73)] -> xpath: //div[@class='container']//div[@class='o-category-grid']]] -> tag name: a], [[[[ChromeDriver: chrome on WINDOWS (cf6a4ccc72af02b979a094414c5a8d73)] -> xpath: //div[@class='container']//div[@class='o-category-grid']]] -> tag name: a], [[[[ChromeDriver: chrome on WINDOWS (cf6a4ccc72af02b979a094414c5a8d73)] -> xpath: //div[@class='container']//div[@class='o-category-grid']]] -> tag name: a], [[[[ChromeDriver: chrome on WINDOWS (cf6a4ccc72af02b979a094414c5a8d73)] -> xpath: //div[@class='container']//div[@class='o-category-grid']]] -> tag name: a], [[[[ChromeDriver: chrome on WINDOWS (cf6a4ccc72af02b979a094414c5a8d73)] -> xpath: //div[@class='container']//div[@class='o-category-grid']]] -> tag name: a], [[[[ChromeDriver: chrome on WINDOWS (cf6a4ccc72af02b979a094414c5a8d73)] -> xpath: //div[@class='container']//div[@class='o-category-grid']]] -> tag name: a], [[[[ChromeDriver: chrome on WINDOWS (cf6a4ccc72af02b979a094414c5a8d73)] -> xpath: //div[@class='container']//div[@class='o-category-grid']]] -> tag name: a], [[[[ChromeDriver: chrome on WINDOWS (cf6a4ccc72af02b979a094414c5a8d73)] -> xpath: //div[@class='container']//div[@class='o-category-grid']]] -> tag name: a], [[[[ChromeDriver: chrome on WINDOWS (cf6a4ccc72af02b979a094414c5a8d73)] -> xpath: //div[@class='container']//div[@class='o-category-grid']]] -> tag name: a], [[[[ChromeDriver: chrome on WINDOWS (cf6a4ccc72af02b979a094414c5a8d73)] -> xpath: //div[@class='container']//div[@class='o-category-grid']]] -> tag name: a], [[[[ChromeDriver: chrome on WINDOWS (cf6a4ccc72af02b979a094414c5a8d73)] -> xpath: //div[@class='container']//div[@class='o-category-grid']]] -> tag name: a], [[[[ChromeDriver: chrome on WINDOWS (cf6a4ccc72af02b979a094414c5a8d73)] -> xpath: //div[@class='container']//div[@class='o-category-grid']]] -> tag name: a], [[[[ChromeDriver: chrome on WINDOWS (cf6a4ccc72af02b979a094414c5a8d73)] -> xpath: //div[@class='container']//div[@class='o-category-grid']]] -> tag name: a], [[[[ChromeDriver: chrome on WINDOWS (cf6a4ccc72af02b979a094414c5a8d73)] -> xpath: //div[@class='container']//div[@class='o-category-grid']]] -> tag name: a], [[[[ChromeDriver: chrome on WINDOWS (cf6a4ccc72af02b979a094414c5a8d73)] -> xpath: //div[@class='container']//div[@class='o-category-grid']]] -> tag name: a], [[[[ChromeDriver: chrome on WINDOWS (cf6a4ccc72af02b979a094414c5a8d73)] -> xpath: //div[@class='container']//div[@class='o-category-grid']]] -> tag name: a], [[[[ChromeDriver: chrome on WINDOWS (cf6a4ccc72af02b979a094414c5a8d73)] -> xpath: //div[@class='container']//div[@class='o-category-grid']]] -> tag name: a], [[[[ChromeDriver: chrome on WINDOWS (cf6a4ccc72af02b979a094414c5a8d73)] -> xpath: //div[@class='container']//div[@class='o-category-grid']]] -> tag name: a], [[[[ChromeDriver: chrome on WINDOWS (cf6a4ccc72af02b979a094414c5a8d73)] -> xpath: //div[@class='container']//div[@class='o-category-grid']]] -> tag name: a], [[[[ChromeDriver: chrome on WINDOWS (cf6a4ccc72af02b979a094414c5a8d73)] -> xpath: //div[@class='container']//div[@class='o-category-grid']]] -> tag name: a], [[[[ChromeDriver: chrome on WINDOWS (cf6a4ccc72af02b979a094414c5a8d73)] -> xpath: //div[@class='container']//div[@class='o-category-grid']]] -> tag name: a], [[[[ChromeDriver: chrome on WINDOWS (cf6a4ccc72af02b979a094414c5a8d73)] -> xpath: //div[@class='container']//div[@class='o-category-grid']]] -> tag name: a], [[[[ChromeDriver: chrome on WINDOWS (cf6a4ccc72af02b979a094414c5a8d73)] -> xpath: //div[@class='container']//div[@class='o-category-grid']]] -> tag name: a], [[[[ChromeDriver: chrome on WINDOWS (cf6a4ccc72af02b979a094414c5a8d73)] -> xpath: //div[@class='container']//div[@class='o-category-grid']]] -> tag name: a], [[[[ChromeDriver: chrome on WINDOWS (cf6a4ccc72af02b979a094414c5a8d73)] -> xpath: //div[@class='container']//div[@class='o-category-grid']]] -> tag name: a]] (tried for 20 second(s) with 500 milliseconds interval)
Build info: version: '4.0.0-alpha-3', revision: '8c567de6dc'
System info: host: 'LAPTOP-HC64QLTM', ip: '192.168.43.92', os.name: 'Windows 10', os.arch: 'amd64', os.version: '10.0', java.version: '1.8.0_221'
Driver info: org.openqa.selenium.support.events.EventFiringWebDriver
Capabilities {acceptInsecureCerts: false, browserName: chrome, browserVersion: 81.0.4044.138, chrome: {chromedriverVersion: 81.0.4044.138 (8c6c7ba89cc9..., userDataDir: C:\Users\lokes\AppData\Loca...}, goog:chromeOptions: {debuggerAddress: localhost:57750}, javascriptEnabled: true, networkConnectionEnabled: false, pageLoadStrategy: normal, platform: WINDOWS, platformName: WINDOWS, proxy: Proxy(), setWindowRect: true, strictFileInteractability: false, timeouts: {implicit: 0, pageLoad: 300000, script: 30000}, unhandledPromptBehavior: dismiss and notify, webauthn:virtualAuthenticators: true}
Session ID: cf6a4ccc72af02b979a094414c5a8d73
at org.openqa.selenium.support.ui.WebDriverWait.timeoutException(WebDriverWait.java:138)
at org.openqa.selenium.support.ui.FluentWait.until(FluentWait.java:234)
at com.ecom.qa.testcases.PartsPageTest.selectPartsAccessoriesPageTest(PartsPageTest.java:50)
... Removed 25 stack frames]]>
    </failure>
  </testcase> <!-- selectPartsAccessoriesPageTest -->
  <testcase name="signUpLetterTest" time="8.47" classname="com.ecom.qa.testcases.SignUpPageTest"/>
  <testcase name="signUpLetterTest" time="7.813" classname="com.ecom.qa.testcases.SignUpPageTest"/>
  <testcase name="verifyHomePageTitleTest" time="0.761" classname="com.ecom.qa.testcases.HomePageTest"/>
  <testcase name="selectProductTest" time="9.627" classname="com.ecom.qa.testcases.ProductsPageTest"/>
  <testcase name="selectProductTest" time="9.134" classname="com.ecom.qa.testcases.ProductsPageTest"/>
  <testcase name="signUpLetterTest" time="13.296" classname="com.ecom.qa.testcases.SearchPageTest"/>
  <testcase name="signUpLetterTest" time="12.31" classname="com.ecom.qa.testcases.SearchPageTest"/>
  <testcase name="selectRecipesTest" time="8.99" classname="com.ecom.qa.testcases.RecipesPageTest"/>
</testsuite> <!-- BrevilleTest -->
