<?xml version="1.0" encoding="UTF-8"?>
<testng-results skipped="0" failed="0" ignored="0" total="2" passed="2">
  <reporter-output>
  </reporter-output>
  <suite name="Default suite" duration-ms="57473" started-at="2020-05-07T12:34:55Z" finished-at="2020-05-07T12:35:52Z">
    <groups>
    </groups>
    <test name="Default test" duration-ms="57473" started-at="2020-05-07T12:34:55Z" finished-at="2020-05-07T12:35:52Z">
      <class name="com.ecom.qa.testcases.SearchPageTest">
        <test-method status="PASS" signature="setUp()[pri:0, instance:com.ecom.qa.testcases.SearchPageTest@59494225]" name="setUp" is-config="true" duration-ms="9661" started-at="2020-05-07T12:34:55Z" finished-at="2020-05-07T12:35:04Z">
          <reporter-output>
          </reporter-output>
        </test-method> <!-- setUp -->
        <test-method status="PASS" signature="signUpLetterTest(java.lang.String)[pri:1, instance:com.ecom.qa.testcases.SearchPageTest@59494225]" name="signUpLetterTest" duration-ms="22600" started-at="2020-05-07T12:35:06Z" data-provider="getEcomTestData" finished-at="2020-05-07T12:35:28Z">
          <params>
            <param index="0">
              <value>
                <![CDATA[Nespresso]]>
              </value>
            </param>
          </params>
          <reporter-output>
          </reporter-output>
        </test-method> <!-- signUpLetterTest -->
        <test-method status="PASS" signature="signUpLetterTest(java.lang.String)[pri:1, instance:com.ecom.qa.testcases.SearchPageTest@59494225]" name="signUpLetterTest" duration-ms="23347" started-at="2020-05-07T12:35:28Z" data-provider="getEcomTestData" finished-at="2020-05-07T12:35:51Z">
          <params>
            <param index="0">
              <value>
                <![CDATA[Espresso]]>
              </value>
            </param>
          </params>
          <reporter-output>
          </reporter-output>
        </test-method> <!-- signUpLetterTest -->
        <test-method status="PASS" signature="tearDown()[pri:0, instance:com.ecom.qa.testcases.SearchPageTest@59494225]" name="tearDown" is-config="true" duration-ms="773" started-at="2020-05-07T12:35:51Z" finished-at="2020-05-07T12:35:52Z">
          <reporter-output>
          </reporter-output>
        </test-method> <!-- tearDown -->
      </class> <!-- com.ecom.qa.testcases.SearchPageTest -->
    </test> <!-- Default test -->
  </suite> <!-- Default suite -->
</testng-results>
